<?xml version="1.0" encoding="UTF-8"?>
<!-- Generated by org.testng.reporters.JUnitReportReporter -->
<testsuite skipped="0" hostname="DESKTOP-MMEG4T7" name="demo.DemoHappyCaseTest" tests="1" failures="0" timestamp="2019-09-14T16:42:11 ICT" time="76.361" errors="0">
  <testcase name="testGoBearHappyCase" time="76.361" classname="demo.DemoHappyCaseTest"/>
</testsuite> <!-- demo.DemoHappyCaseTest -->
