<?xml version="1.0" encoding="UTF-8"?>
<!-- Generated by org.testng.reporters.JUnitReportReporter -->
<testsuite skipped="0" hostname="DESKTOP-MMEG4T7" name="demo.DemoHappyCaseTest" tests="1" failures="0" timestamp="2019-09-13T20:19:33 ICT" time="30.842" errors="0">
  <testcase name="testGoBearHappyCase" time="30.842" classname="demo.DemoHappyCaseTest"/>
</testsuite> <!-- demo.DemoHappyCaseTest -->
